<?xml version="1.0" encoding="UTF-8"?>
<testng-results ignored="0" total="1" passed="1" failed="0" skipped="0">
  <reporter-output>
  </reporter-output>
  <suite started-at="2018-10-14T04:14:02Z" name="Default suite" finished-at="2018-10-14T04:14:18Z" duration-ms="16295">
    <groups>
    </groups>
    <test started-at="2018-10-14T04:14:02Z" name="Default test" finished-at="2018-10-14T04:14:18Z" duration-ms="16295">
      <class name="Selenium.Selenium">
        <test-method signature="testSearch()[pri:0, instance:Selenium.Selenium@17a7f733]" started-at="2018-10-14T04:14:02Z" name="testSearch" finished-at="2018-10-14T04:14:18Z" duration-ms="16254" status="PASS">
          <reporter-output>
          </reporter-output>
        </test-method> <!-- testSearch -->
      </class> <!-- Selenium.Selenium -->
    </test> <!-- Default test -->
  </suite> <!-- Default suite -->
</testng-results>
